<?xml version="1.0" encoding="UTF-8"?>
<!-- Generated by org.testng.reporters.JUnitReportReporter -->
<testsuite hostname="FVFHXJ8PQ6LR" failures="0" tests="1" name="com.wipro.testcases.RegisterTest" time="14.130" errors="0" timestamp="2023-06-12T16:25:53 IST" skipped="0">
  <testcase classname="com.wipro.testcases.RegisterTest" name="registerData" time="14.130"/>
  <system-out/>
</testsuite> <!-- com.wipro.testcases.RegisterTest -->
